<?xml version="1.0" encoding="utf-8"?>
<!DOCTYPE coverage SYSTEM "http://cobertura.sourceforge.net/xml/coverage-04.dtd">
<coverage line-rate="1" branch-rate="1" lines-covered="14" lines-valid="14" branches-covered="6" branches-valid="6" complexity="12" version="0" timestamp="1761962886">
  <sources>
    <source>/home/runner/work/examen-2025-ii-si784-u2-diegocastillo12/examen-2025-ii-si784-u2-diegocastillo12/DocumentConverter.Core/</source>
  </sources>
  <packages>
    <package name="DocumentConverter.Core" line-rate="1" branch-rate="1" complexity="12">
      <classes>
        <class name="DocumentConverter.Core.DocumentConverterFactory" filename="/home/runner/work/examen-2025-ii-si784-u2-diegocastillo12/examen-2025-ii-si784-u2-diegocastillo12/DocumentConverter.Core/DocumentConverterFactory.cs" line-rate="1" branch-rate="1" complexity="6">
          <methods>
            <method name="CreateDocumentConverter" signature="(System.String)" line-rate="1" branch-rate="1" complexity="6">
              <lines>
                <line number="7" hits="32" branch="true" condition-coverage="100% (6/6)" />
                <line number="10" hits="8" branch="false" />
                <line number="12" hits="8" branch="false" />
                <line number="14" hits="8" branch="false" />
                <line number="16" hits="8" branch="false" />
              </lines>
            </method>
          </methods>
          <lines>
            <line number="7" hits="32" branch="true" condition-coverage="100% (6/6)" />
            <line number="10" hits="8" branch="false" />
            <line number="12" hits="8" branch="false" />
            <line number="14" hits="8" branch="false" />
            <line number="16" hits="8" branch="false" />
          </lines>
        </class>
        <class name="DocumentConverter.Core.DocxConverter" filename="/home/runner/work/examen-2025-ii-si784-u2-diegocastillo12/examen-2025-ii-si784-u2-diegocastillo12/DocumentConverter.Core/DocxConverter.cs" line-rate="1" branch-rate="1" complexity="2">
          <methods>
            <method name="Convert" signature="(System.String)" line-rate="1" branch-rate="1" complexity="1">
              <lines>
                <line number="7" hits="6" branch="false" />
                <line number="8" hits="6" branch="false" />
              </lines>
            </method>
            <method name="get_TargetExtension" signature="()" line-rate="1" branch-rate="1" complexity="1">
              <lines>
                <line number="11" hits="8" branch="false" />
              </lines>
            </method>
          </methods>
          <lines>
            <line number="7" hits="6" branch="false" />
            <line number="8" hits="6" branch="false" />
            <line number="11" hits="8" branch="false" />
          </lines>
        </class>
        <class name="DocumentConverter.Core.PdfConverter" filename="/home/runner/work/examen-2025-ii-si784-u2-diegocastillo12/examen-2025-ii-si784-u2-diegocastillo12/DocumentConverter.Core/PdfConverter.cs" line-rate="1" branch-rate="1" complexity="2">
          <methods>
            <method name="Convert" signature="(System.String)" line-rate="1" branch-rate="1" complexity="1">
              <lines>
                <line number="7" hits="6" branch="false" />
                <line number="8" hits="6" branch="false" />
              </lines>
            </method>
            <method name="get_TargetExtension" signature="()" line-rate="1" branch-rate="1" complexity="1">
              <lines>
                <line number="11" hits="8" branch="false" />
              </lines>
            </method>
          </methods>
          <lines>
            <line number="7" hits="6" branch="false" />
            <line number="8" hits="6" branch="false" />
            <line number="11" hits="8" branch="false" />
          </lines>
        </class>
        <class name="DocumentConverter.Core.TxtConverter" filename="/home/runner/work/examen-2025-ii-si784-u2-diegocastillo12/examen-2025-ii-si784-u2-diegocastillo12/DocumentConverter.Core/TxtConverter.cs" line-rate="1" branch-rate="1" complexity="2">
          <methods>
            <method name="Convert" signature="(System.String)" line-rate="1" branch-rate="1" complexity="1">
              <lines>
                <line number="7" hits="6" branch="false" />
                <line number="8" hits="6" branch="false" />
              </lines>
            </method>
            <method name="get_TargetExtension" signature="()" line-rate="1" branch-rate="1" complexity="1">
              <lines>
                <line number="11" hits="8" branch="false" />
              </lines>
            </method>
          </methods>
          <lines>
            <line number="7" hits="6" branch="false" />
            <line number="8" hits="6" branch="false" />
            <line number="11" hits="8" branch="false" />
          </lines>
        </class>
      </classes>
    </package>
  </packages>
</coverage>